<?xml version="1.0" encoding="UTF-8"?>
<!-- Generated by org.testng.reporters.JUnitReportReporter -->
<testsuite hostname="DESKTOP-RR1B0B6" failures="0" tests="2" name="include.Test1" time="0.015" errors="0" timestamp="2023-01-12T19:29:11 IST" skipped="0">
  <testcase classname="include.Test1" name="TC1" time="0.013"/>
  <system-out>
    <![CDATA[running TC1]]>
  </system-out>
  <testcase classname="include.Test1" name="TC4" time="0.002"/>
  <system-out>
    <![CDATA[running TC4]]>
  </system-out>
</testsuite> <!-- include.Test1 -->
