<?xml version="1.0" encoding="UTF-8"?>
<!-- Generated by org.testng.reporters.JUnitReportReporter -->
<testsuite hostname="DESKTOP-RR1B0B6" failures="0" tests="1" name="parelleltesting.Facebook" time="16.333" errors="0" timestamp="2023-01-12T19:39:38 IST" skipped="0">
  <testcase classname="parelleltesting.Facebook" name="OpenBrowser" time="16.333"/>
  <system-out/>
</testsuite> <!-- parelleltesting.Facebook -->
