<?xml version="1.0" encoding="UTF-8"?>
<!-- Generated by org.testng.reporters.JUnitReportReporter -->
<testsuite hostname="DESKTOP-RR1B0B6" failures="0" tests="2" name="Sample2" time="0.015" errors="0" timestamp="2023-01-10T20:15:16 IST" skipped="0">
  <testcase classname="Sample2" name="TC2" time="0.004"/>
  <system-out>
    <![CDATA[Running tc2]]>
  </system-out>
  <testcase classname="Sample2" name="TC1" time="0.011"/>
  <system-out>
    <![CDATA[running tc1]]>
  </system-out>
</testsuite> <!-- Sample2 -->
