<?xml version="1.0" encoding="UTF-8"?>
<!-- Generated by org.testng.reporters.JUnitReportReporter -->
<testsuite hostname="DESKTOP-RR1B0B6" failures="0" tests="2" name="pomclasswithpropertyfile.Guru99_Insurance_Test" time="16.537" errors="0" timestamp="2023-01-20T20:37:07 IST" skipped="0">
  <testcase classname="pomclasswithpropertyfile.Guru99_Insurance_Test" name="verifyEmailAddressOfGuru99" time="10.481"/>
  <system-out/>
  <testcase classname="pomclasswithpropertyfile.Guru99_Insurance_Test" name="getTitle" time="6.056"/>
  <system-out/>
</testsuite> <!-- pomclasswithpropertyfile.Guru99_Insurance_Test -->
