<?xml version="1.0" encoding="UTF-8"?>
<!-- Generated by org.testng.reporters.JUnitReportReporter -->
<testsuite hostname="DESKTOP-RR1B0B6" failures="0" tests="4" name="disableusingenable.Test1" time="0.044" errors="0" timestamp="2023-01-12T19:19:03 IST" skipped="1">
  <testcase classname="disableusingenable.Test1" name="TC1" time="0.033"/>
  <system-out>
    <![CDATA[running TC1]]>
  </system-out>
  <testcase classname="disableusingenable.Test1" name="TC3" time="0.004"/>
  <system-out>
    <![CDATA[running TC3]]>
  </system-out>
  <testcase classname="disableusingenable.Test1" name="TC4" time="0.007"/>
  <system-out>
    <![CDATA[running TC4]]>
  </system-out>
  <testcase classname="disableusingenable.Test1" name="TC2">
    <skipped/>
  </testcase> <!-- TC2 -->
  <system-out/>
</testsuite> <!-- disableusingenable.Test1 -->
