<?xml version="1.0" encoding="UTF-8"?>
<!-- Generated by org.testng.reporters.JUnitReportReporter -->
<testsuite hostname="DESKTOP-RR1B0B6" failures="0" tests="1" name="VerifyResult" time="22.111" errors="0" timestamp="2023-01-11T19:56:34 IST" skipped="0">
  <testcase classname="VerifyResult" name="TC2" time="22.111"/>
  <system-out/>
</testsuite> <!-- VerifyResult -->
