<?xml version="1.0" encoding="UTF-8"?>
<!-- Generated by org.testng.reporters.JUnitReportReporter -->
<testsuite hostname="DESKTOP-RR1B0B6" failures="0" tests="1" name="parelleltesting.Amazon" time="30.352" errors="0" timestamp="2023-01-12T19:39:38 IST" skipped="0">
  <testcase classname="parelleltesting.Amazon" name="OpenBrowser" time="30.352"/>
  <system-out/>
</testsuite> <!-- parelleltesting.Amazon -->
