<?xml version="1.0" encoding="UTF-8"?>
<!-- Generated by org.testng.reporters.JUnitReportReporter -->
<testsuite hostname="DESKTOP-RR1B0B6" failures="0" tests="1" name="Sample6" time="0.024" errors="0" timestamp="2023-01-11T19:20:18 IST" skipped="0">
  <testcase classname="Sample6" name="TC1" time="0.024"/>
  <system-out/>
</testsuite> <!-- Sample6 -->
