<?xml version="1.0" encoding="UTF-8"?>
<!-- Generated by org.testng.reporters.JUnitReportReporter -->
<testsuite hostname="DESKTOP-RR1B0B6" failures="0" tests="2" name="mytestsuit.Demo6" time="0.019" errors="0" timestamp="2023-01-11T19:34:36 IST" skipped="0">
  <testcase classname="mytestsuit.Demo6" name="TC2" time="0.003"/>
  <system-out>
    <![CDATA[Running TC2]]>
  </system-out>
  <testcase classname="mytestsuit.Demo6" name="TC1" time="0.016"/>
  <system-out>
    <![CDATA[Running TC1]]>
  </system-out>
</testsuite> <!-- mytestsuit.Demo6 -->
