<?xml version="1.0" encoding="UTF-8"?>
<!-- Generated by org.testng.reporters.JUnitReportReporter -->
<testsuite hostname="DESKTOP-RR1B0B6" failures="0" tests="2" name="Sample3" time="0.010" errors="0" timestamp="2023-01-10T20:05:10 IST" skipped="1">
  <testcase classname="Sample3" name="TC2" time="0.010"/>
  <system-out>
    <![CDATA[Running tc2]]>
  </system-out>
  <testcase classname="Sample3" name="TC1">
    <skipped/>
  </testcase> <!-- TC1 -->
  <system-out/>
</testsuite> <!-- Sample3 -->
