<?xml version="1.0" encoding="UTF-8"?>
<!-- Generated by org.testng.reporters.JUnitReportReporter -->
<testsuite hostname="DESKTOP-RR1B0B6" failures="0" tests="2" name="groupingtce.Test1" time="0.031" errors="0" timestamp="2023-01-12T19:49:22 IST" skipped="0">
  <testcase classname="groupingtce.Test1" name="TC1" time="0.027"/>
  <system-out>
    <![CDATA[running TC1]]>
  </system-out>
  <testcase classname="groupingtce.Test1" name="TC2" time="0.004"/>
  <system-out>
    <![CDATA[running TC2]]>
  </system-out>
</testsuite> <!-- groupingtce.Test1 -->
