<?xml version="1.0" encoding="UTF-8"?>
<!-- Generated by org.testng.reporters.JUnitReportReporter -->
<testsuite hostname="DESKTOP-RR1B0B6" failures="0" tests="2" name="failedtestcases.Demo3" time="0.010" errors="0" timestamp="2023-01-11T12:49:39 IST" skipped="0">
  <testcase classname="failedtestcases.Demo3" name="TC1" time="0.004"/>
  <system-out>
    <![CDATA[Running TC1]]>
  </system-out>
  <testcase classname="failedtestcases.Demo3" name="TC2" time="0.006"/>
  <system-out>
    <![CDATA[Running TC2]]>
  </system-out>
</testsuite> <!-- failedtestcases.Demo3 -->
